<?xml version="1.0" encoding="utf-8"?><testsuites><testsuite name="pytest" errors="0" failures="1" skipped="1" tests="21" time="0.176" timestamp="2023-02-22T14:24:07.822616" hostname="PF3XLDNQ"><testcase classname="test_mathtest" name="test_addition" time="0.001" /><testcase classname="test_mathtest" name="test_subtraction" time="0.001" /><testcase classname="test_mathtest" name="test_multiplication" time="0.001" /><testcase classname="test_mathtest" name="test_linear_search" time="0.001" /><testcase classname="test_mathtest" name="test_binary_search" time="0.000" /><testcase classname="test_mathtest" name="test_substring_search" time="0.001" /><testcase classname="test_mathtest" name="test_max_prime_factors[6-3]" time="0.002" /><testcase classname="test_mathtest" name="test_max_prime_factors[12-3]" time="0.001" /><testcase classname="test_mathtest" name="test_max_prime_factors[14-7]" time="0.001" /><testcase classname="test_mathtest" name="test_prime_factors" time="0.001" /><testcase classname="test_mathtest" name="test_product_prime_factors" time="0.001" /><testcase classname="test_mathtest" name="test_sum_odd_factors" time="0.001" /><testcase classname="test_mathtest" name="test_double_the_value[1-11]" time="0.001" /><testcase classname="test_mathtest" name="test_double_the_value[2-22]" time="0.001" /><testcase classname="test_mathtest" name="test_double_the_value[3-33]" time="0.001" /><testcase classname="test_mathtest" name="test_divisible_by_3" time="0.001" /><testcase classname="test_mathtest" name="test_divisible_by_6" time="0.001" /><testcase classname="test_mathtest" name="test_greater" time="0.001"><failure message="assert 100 &gt; 100">@pytest.mark.great
    def test_greater():
        num = 100
&gt;       assert num &gt; 100
E       assert 100 &gt; 100

test_mathtest.py:59: AssertionError</failure></testcase><testcase classname="test_mathtest" name="test_greater_equal" time="0.001" /><testcase classname="test_mathtest" name="test_less" time="0.001"><skipped type="pytest.skip" message="unconditional skip">C:\Users\E1002733\Documents\Codes\test_mathtest.py:66: unconditional skip</skipped></testcase><testcase classname="test_mathtest" name="test_notequal" time="0.001" /></testsuite></testsuites>